0 info it worked if it ends with ok
1 verbose cli [ 'C:\\Program Files\\nodejs\\node.exe',
1 verbose cli   'C:\\Users\\mupac_000\\AppData\\Roaming\\npm\\node_modules\\npm\\bin\\npm-cli.js',
1 verbose cli   'start' ]
2 info using npm@3.10.9
3 info using node@v9.7.1
4 verbose run-script [ 'prestart', 'start', 'poststart' ]
5 info lifecycle bootstap_project@1.0.0~prestart: bootstap_project@1.0.0
6 silly lifecycle bootstap_project@1.0.0~prestart: no script for prestart, continuing
7 info lifecycle bootstap_project@1.0.0~start: bootstap_project@1.0.0
8 verbose lifecycle bootstap_project@1.0.0~start: unsafe-perm in lifecycle true
9 verbose lifecycle bootstap_project@1.0.0~start: PATH: C:\Users\mupac_000\AppData\Roaming\npm\node_modules\npm\bin\node-gyp-bin;C:\Users\mupac_000\Desktop\Dev\social_projet\node_modules\.bin;C:\Users\mupac_000\bin;C:\Program Files\Git\mingw64\bin;C:\Program Files\Git\usr\local\bin;C:\Program Files\Git\usr\bin;C:\Program Files\Git\usr\bin;C:\Program Files\Git\mingw64\bin;C:\Program Files\Git\usr\bin;C:\Users\mupac_000\bin;C:\python35\Scripts;C:\python35;C:\ProgramData\Oracle\Java\javapath;C:\windows\system32;C:\windows;C:\windows\System32\Wbem;C:\windows\System32\WindowsPowerShell\v1.0;C:\Program Files\doxygen\bin;C:\Program Files\Git\cmd;C:\Program Files\Git\mingw64\bin;C:\Program Files\Git\usr\bin;C:\Program Files (x86)\Brackets\command;C:\ProgramData\ComposerSetup\bin;C:\Program Files (x86)\Google\Cloud SDK\google-cloud-sdk\bin;C:\Program Files (x86)\QuickTime Alternative\QTSystem;C:\Program Files\nodejs;C:\wamp64\bin\php\php7.2.0;C:\Users\mupac_000\AppData\Roaming\Composer\vendor\bin;C:\Users\mupac_000\AppData\Local\Android\sdk\platform-tools;C:\Program Files\Docker Toolbox;C:\Users\mupac_000\AppData\Local\Gource\cmd;C:\Users\mupac_000\AppData\Roaming\npm;C:\Program Files\Git\usr\bin\vendor_perl;C:\Program Files\Git\usr\bin\core_perl
10 verbose lifecycle bootstap_project@1.0.0~start: CWD: C:\Users\mupac_000\Desktop\Dev\social_projet
11 silly lifecycle bootstap_project@1.0.0~start: Args: [ '/d /s /c', 'gulp' ]
12 silly lifecycle bootstap_project@1.0.0~start: Returned: code: 1  signal: null
13 info lifecycle bootstap_project@1.0.0~start: Failed to exec start script
14 verbose stack Error: bootstap_project@1.0.0 start: `gulp`
14 verbose stack Exit status 1
14 verbose stack     at EventEmitter.<anonymous> (C:\Users\mupac_000\AppData\Roaming\npm\node_modules\npm\lib\utils\lifecycle.js:255:16)
14 verbose stack     at EventEmitter.emit (events.js:127:13)
14 verbose stack     at ChildProcess.<anonymous> (C:\Users\mupac_000\AppData\Roaming\npm\node_modules\npm\lib\utils\spawn.js:40:14)
14 verbose stack     at ChildProcess.emit (events.js:127:13)
14 verbose stack     at maybeClose (internal/child_process.js:936:16)
14 verbose stack     at Process.ChildProcess._handle.onexit (internal/child_process.js:220:5)
15 verbose pkgid bootstap_project@1.0.0
16 verbose cwd C:\Users\mupac_000\Desktop\Dev\social_projet
17 error Windows_NT 6.3.9600
18 error argv "C:\\Program Files\\nodejs\\node.exe" "C:\\Users\\mupac_000\\AppData\\Roaming\\npm\\node_modules\\npm\\bin\\npm-cli.js" "start"
19 error node v9.7.1
20 error npm  v3.10.9
21 error code ELIFECYCLE
22 error bootstap_project@1.0.0 start: `gulp`
22 error Exit status 1
23 error Failed at the bootstap_project@1.0.0 start script 'gulp'.
23 error Make sure you have the latest version of node.js and npm installed.
23 error If you do, this is most likely a problem with the bootstap_project package,
23 error not with npm itself.
23 error Tell the author that this fails on your system:
23 error     gulp
23 error You can get information on how to open an issue for this project with:
23 error     npm bugs bootstap_project
23 error Or if that isn't available, you can get their info via:
23 error     npm owner ls bootstap_project
23 error There is likely additional logging output above.
24 verbose exit [ 1, true ]
